
*** Running vivado
    with args -log tlb_top.vds -m64 -product Vivado -mode batch -messageDb vivado.pb -notrace -source tlb_top.tcl


****** Vivado v2019.2 (64-bit)
  **** SW Build 2708876 on Wed Nov  6 21:40:23 MST 2019
  **** IP Build 2700528 on Thu Nov  7 00:09:20 MST 2019
    ** Copyright 1986-2019 Xilinx, Inc. All Rights Reserved.

source tlb_top.tcl -notrace
Command: synth_design -top tlb_top -part xc7a200tfbg676-1
Starting synth_design
Attempting to get a license for feature 'Synthesis' and/or device 'xc7a200t'
INFO: [Common 17-349] Got license for feature 'Synthesis' and/or device 'xc7a200t'
INFO: [Device 21-403] Loading part xc7a200tfbg676-1
INFO: Launching helper process for spawning children vivado processes
INFO: Helper process launched with PID 22228 
---------------------------------------------------------------------------------
Starting RTL Elaboration : Time (s): cpu = 00:00:04 ; elapsed = 00:00:04 . Memory (MB): peak = 833.043 ; gain = 234.551
---------------------------------------------------------------------------------
INFO: [Synth 8-6157] synthesizing module 'tlb_top' [C:/tlb_verify/rtl/tlb_top.v:2]
	Parameter TLBNUM bound to: 16 - type: integer 
	Parameter SIMULATION bound to: 1'b0 
INFO: [Synth 8-6157] synthesizing module 'clk_pll' [C:/tlb_verify/run_vivado/tlb_verify/tlb_verify.runs/synth_1/.Xil/Vivado-12676-DESKTOP-9TJ4F4D/realtime/clk_pll_stub.v:5]
INFO: [Synth 8-6155] done synthesizing module 'clk_pll' (1#1) [C:/tlb_verify/run_vivado/tlb_verify/tlb_verify.runs/synth_1/.Xil/Vivado-12676-DESKTOP-9TJ4F4D/realtime/clk_pll_stub.v:5]
INFO: [Synth 8-6157] synthesizing module 'tlb' [C:/tlb_verify/rtl/tlb/tlb.v:1]
	Parameter TLBNUM bound to: 16 - type: integer 
INFO: [Synth 8-6155] done synthesizing module 'tlb' (2#1) [C:/tlb_verify/rtl/tlb/tlb.v:1]
INFO: [Synth 8-6155] done synthesizing module 'tlb_top' (3#1) [C:/tlb_verify/rtl/tlb_top.v:2]
WARNING: [Synth 8-3917] design tlb_top has port led[14] driven by constant 1
WARNING: [Synth 8-3917] design tlb_top has port led[13] driven by constant 1
WARNING: [Synth 8-3917] design tlb_top has port led[12] driven by constant 1
WARNING: [Synth 8-3917] design tlb_top has port led[11] driven by constant 1
WARNING: [Synth 8-3917] design tlb_top has port led[10] driven by constant 1
WARNING: [Synth 8-3917] design tlb_top has port led[9] driven by constant 1
WARNING: [Synth 8-3917] design tlb_top has port led[8] driven by constant 1
WARNING: [Synth 8-3917] design tlb_top has port led[7] driven by constant 1
WARNING: [Synth 8-3917] design tlb_top has port led[6] driven by constant 1
WARNING: [Synth 8-3917] design tlb_top has port led[5] driven by constant 1
WARNING: [Synth 8-3917] design tlb_top has port led[4] driven by constant 1
WARNING: [Synth 8-3917] design tlb_top has port led[3] driven by constant 1
---------------------------------------------------------------------------------
Finished RTL Elaboration : Time (s): cpu = 00:00:05 ; elapsed = 00:00:05 . Memory (MB): peak = 907.465 ; gain = 308.973
---------------------------------------------------------------------------------

Report Check Netlist: 
+------+------------------+-------+---------+-------+------------------+
|      |Item              |Errors |Warnings |Status |Description       |
+------+------------------+-------+---------+-------+------------------+
|1     |multi_driven_nets |      0|        0|Passed |Multi driven nets |
+------+------------------+-------+---------+-------+------------------+
---------------------------------------------------------------------------------
Start Handling Custom Attributes
---------------------------------------------------------------------------------
---------------------------------------------------------------------------------
Finished Handling Custom Attributes : Time (s): cpu = 00:00:06 ; elapsed = 00:00:06 . Memory (MB): peak = 907.465 ; gain = 308.973
---------------------------------------------------------------------------------
---------------------------------------------------------------------------------
Finished RTL Optimization Phase 1 : Time (s): cpu = 00:00:06 ; elapsed = 00:00:06 . Memory (MB): peak = 907.465 ; gain = 308.973
---------------------------------------------------------------------------------
Netlist sorting complete. Time (s): cpu = 00:00:00 ; elapsed = 00:00:00.039 . Memory (MB): peak = 907.465 ; gain = 0.000
INFO: [Project 1-570] Preparing netlist for logic optimization

Processing XDC Constraints
Initializing timing engine
Parsing XDC File [c:/tlb_verify/rtl/xilinx_ip/clk_pll/clk_pll_in_context.xdc] for cell 'clk_pll'
Finished Parsing XDC File [c:/tlb_verify/rtl/xilinx_ip/clk_pll/clk_pll_in_context.xdc] for cell 'clk_pll'
Parsing XDC File [C:/tlb_verify/run_vivado/tlb_top.xdc]
WARNING: [Constraints 18-619] A clock with name 'clk' already exists, overwriting the previous clock with the same name. [C:/tlb_verify/run_vivado/tlb_top.xdc:5]
Finished Parsing XDC File [C:/tlb_verify/run_vivado/tlb_top.xdc]
INFO: [Project 1-236] Implementation specific constraints were found while reading constraint file [C:/tlb_verify/run_vivado/tlb_top.xdc]. These constraints will be ignored for synthesis but will be used in implementation. Impacted constraints are listed in the file [.Xil/tlb_top_propImpl.xdc].
Resolution: To avoid this warning, move constraints listed in [.Xil/tlb_top_propImpl.xdc] to another XDC file and exclude this new file from synthesis with the used_in_synthesis property (File Properties dialog in GUI) and re-run elaboration/synthesis.
Completed Processing XDC Constraints

Netlist sorting complete. Time (s): cpu = 00:00:00 ; elapsed = 00:00:00.001 . Memory (MB): peak = 1035.223 ; gain = 0.000
INFO: [Project 1-111] Unisim Transformation Summary:
No Unisim elements were transformed.

Constraint Validation Runtime : Time (s): cpu = 00:00:00 ; elapsed = 00:00:00.013 . Memory (MB): peak = 1035.223 ; gain = 0.000
---------------------------------------------------------------------------------
Finished Constraint Validation : Time (s): cpu = 00:00:13 ; elapsed = 00:00:13 . Memory (MB): peak = 1035.223 ; gain = 436.730
---------------------------------------------------------------------------------
---------------------------------------------------------------------------------
Start Loading Part and Timing Information
---------------------------------------------------------------------------------
Loading part: xc7a200tfbg676-1
---------------------------------------------------------------------------------
Finished Loading Part and Timing Information : Time (s): cpu = 00:00:13 ; elapsed = 00:00:13 . Memory (MB): peak = 1035.223 ; gain = 436.730
---------------------------------------------------------------------------------
---------------------------------------------------------------------------------
Start Applying 'set_property' XDC Constraints
---------------------------------------------------------------------------------
Applied set_property IO_BUFFER_TYPE = NONE for clk. (constraint file  c:/tlb_verify/rtl/xilinx_ip/clk_pll/clk_pll_in_context.xdc, line 3).
Applied set_property CLOCK_BUFFER_TYPE = NONE for clk. (constraint file  c:/tlb_verify/rtl/xilinx_ip/clk_pll/clk_pll_in_context.xdc, line 4).
Applied set_property DONT_TOUCH = true for clk_pll. (constraint file  auto generated constraint, line ).
---------------------------------------------------------------------------------
Finished applying 'set_property' XDC Constraints : Time (s): cpu = 00:00:13 ; elapsed = 00:00:13 . Memory (MB): peak = 1035.223 ; gain = 436.730
---------------------------------------------------------------------------------
---------------------------------------------------------------------------------
Finished RTL Optimization Phase 2 : Time (s): cpu = 00:00:14 ; elapsed = 00:00:14 . Memory (MB): peak = 1035.223 ; gain = 436.730
---------------------------------------------------------------------------------

Report RTL Partitions: 
+-+--------------+------------+----------+
| |RTL Partition |Replication |Instances |
+-+--------------+------------+----------+
+-+--------------+------------+----------+
---------------------------------------------------------------------------------
Start RTL Component Statistics 
---------------------------------------------------------------------------------
Detailed RTL Component Info : 
+---Adders : 
	   2 Input      4 Bit       Adders := 3     
+---XORs : 
	   2 Input      1 Bit         XORs := 2     
+---Registers : 
	               20 Bit    Registers := 32    
	               19 Bit    Registers := 16    
	                8 Bit    Registers := 17    
	                7 Bit    Registers := 1     
	                4 Bit    Registers := 4     
	                3 Bit    Registers := 32    
	                1 Bit    Registers := 84    
+---Muxes : 
	   2 Input     20 Bit        Muxes := 32    
	   8 Input      8 Bit        Muxes := 1     
	   2 Input      3 Bit        Muxes := 2     
	   2 Input      1 Bit        Muxes := 23    
	  16 Input      1 Bit        Muxes := 2     
---------------------------------------------------------------------------------
Finished RTL Component Statistics 
---------------------------------------------------------------------------------
---------------------------------------------------------------------------------
Start RTL Hierarchical Component Statistics 
---------------------------------------------------------------------------------
Hierarchical RTL Component report 
Module tlb_top 
Detailed RTL Component Info : 
+---Adders : 
	   2 Input      4 Bit       Adders := 3     
+---XORs : 
	   2 Input      1 Bit         XORs := 2     
+---Registers : 
	                8 Bit    Registers := 1     
	                7 Bit    Registers := 1     
	                4 Bit    Registers := 4     
	                1 Bit    Registers := 4     
+---Muxes : 
	   8 Input      8 Bit        Muxes := 1     
	   2 Input      1 Bit        Muxes := 3     
	  16 Input      1 Bit        Muxes := 2     
Module tlb 
Detailed RTL Component Info : 
+---Registers : 
	               20 Bit    Registers := 32    
	               19 Bit    Registers := 16    
	                8 Bit    Registers := 16    
	                3 Bit    Registers := 32    
	                1 Bit    Registers := 80    
+---Muxes : 
	   2 Input     20 Bit        Muxes := 32    
	   2 Input      3 Bit        Muxes := 2     
	   2 Input      1 Bit        Muxes := 20    
---------------------------------------------------------------------------------
Finished RTL Hierarchical Component Statistics
---------------------------------------------------------------------------------
---------------------------------------------------------------------------------
Start Part Resource Summary
---------------------------------------------------------------------------------
Part Resources:
DSPs: 740 (col length:100)
BRAMs: 730 (col length: RAMB18 100 RAMB36 50)
---------------------------------------------------------------------------------
Finished Part Resource Summary
---------------------------------------------------------------------------------
---------------------------------------------------------------------------------
Start Cross Boundary and Area Optimization
---------------------------------------------------------------------------------
Warning: Parallel synthesis criteria is not met 
WARNING: [Synth 8-3917] design tlb_top has port led[14] driven by constant 1
WARNING: [Synth 8-3917] design tlb_top has port led[13] driven by constant 1
WARNING: [Synth 8-3917] design tlb_top has port led[12] driven by constant 1
WARNING: [Synth 8-3917] design tlb_top has port led[11] driven by constant 1
WARNING: [Synth 8-3917] design tlb_top has port led[10] driven by constant 1
WARNING: [Synth 8-3917] design tlb_top has port led[9] driven by constant 1
WARNING: [Synth 8-3917] design tlb_top has port led[8] driven by constant 1
WARNING: [Synth 8-3917] design tlb_top has port led[7] driven by constant 1
WARNING: [Synth 8-3917] design tlb_top has port led[6] driven by constant 1
WARNING: [Synth 8-3917] design tlb_top has port led[5] driven by constant 1
WARNING: [Synth 8-3917] design tlb_top has port led[4] driven by constant 1
WARNING: [Synth 8-3917] design tlb_top has port led[3] driven by constant 1
INFO: [Synth 8-3886] merging instance 'tlb/tlb_vpn2_reg[15][0]' (FDE) to 'tlb/tlb_vpn2_reg[15][4]'
INFO: [Synth 8-3886] merging instance 'tlb/tlb_vpn2_reg[14][0]' (FDE) to 'tlb/tlb_vpn2_reg[14][8]'
INFO: [Synth 8-3886] merging instance 'tlb/tlb_vpn2_reg[13][0]' (FDE) to 'tlb/tlb_vpn2_reg[13][8]'
INFO: [Synth 8-3886] merging instance 'tlb/tlb_vpn2_reg[12][0]' (FDE) to 'tlb/tlb_vpn2_reg[12][8]'
INFO: [Synth 8-3886] merging instance 'tlb/tlb_vpn2_reg[11][0]' (FDE) to 'tlb/tlb_vpn2_reg[11][8]'
INFO: [Synth 8-3886] merging instance 'tlb/tlb_vpn2_reg[10][0]' (FDE) to 'tlb/tlb_vpn2_reg[10][8]'
INFO: [Synth 8-3886] merging instance 'tlb/tlb_vpn2_reg[9][0]' (FDE) to 'tlb/tlb_vpn2_reg[9][8]'
INFO: [Synth 8-3886] merging instance 'tlb/tlb_vpn2_reg[8][0]' (FDE) to 'tlb/tlb_vpn2_reg[8][8]'
INFO: [Synth 8-3886] merging instance 'tlb/tlb_vpn2_reg[7][0]' (FDE) to 'tlb/tlb_vpn2_reg[7][8]'
INFO: [Synth 8-3886] merging instance 'tlb/tlb_vpn2_reg[6][0]' (FDE) to 'tlb/tlb_vpn2_reg[6][8]'
INFO: [Synth 8-3886] merging instance 'tlb/tlb_vpn2_reg[5][0]' (FDE) to 'tlb/tlb_vpn2_reg[5][8]'
INFO: [Synth 8-3886] merging instance 'tlb/tlb_vpn2_reg[4][0]' (FDE) to 'tlb/tlb_vpn2_reg[4][8]'
INFO: [Synth 8-3886] merging instance 'tlb/tlb_vpn2_reg[3][0]' (FDE) to 'tlb/tlb_vpn2_reg[3][8]'
INFO: [Synth 8-3886] merging instance 'tlb/tlb_vpn2_reg[2][0]' (FDE) to 'tlb/tlb_vpn2_reg[2][8]'
INFO: [Synth 8-3886] merging instance 'tlb/tlb_vpn2_reg[1][0]' (FDE) to 'tlb/tlb_vpn2_reg[1][8]'
INFO: [Synth 8-3886] merging instance 'tlb/tlb_vpn2_reg[0][0]' (FDE) to 'tlb/tlb_vpn2_reg[0][8]'
INFO: [Synth 8-3886] merging instance 'tlb/tlb_vpn2_reg[15][1]' (FDE) to 'tlb/tlb_vpn2_reg[15][5]'
INFO: [Synth 8-3886] merging instance 'tlb/tlb_vpn2_reg[14][1]' (FDE) to 'tlb/tlb_asid_reg[14][1]'
INFO: [Synth 8-3886] merging instance 'tlb/tlb_vpn2_reg[13][1]' (FDE) to 'tlb/tlb_asid_reg[13][1]'
INFO: [Synth 8-3886] merging instance 'tlb/tlb_vpn2_reg[12][1]' (FDE) to 'tlb/tlb_asid_reg[12][1]'
INFO: [Synth 8-3886] merging instance 'tlb/tlb_vpn2_reg[11][1]' (FDE) to 'tlb/tlb_asid_reg[11][1]'
INFO: [Synth 8-3886] merging instance 'tlb/tlb_vpn2_reg[10][1]' (FDE) to 'tlb/tlb_asid_reg[10][1]'
INFO: [Synth 8-3886] merging instance 'tlb/tlb_vpn2_reg[9][1]' (FDE) to 'tlb/tlb_asid_reg[9][1]'
INFO: [Synth 8-3886] merging instance 'tlb/tlb_vpn2_reg[8][1]' (FDE) to 'tlb/tlb_asid_reg[8][1]'
INFO: [Synth 8-3886] merging instance 'tlb/tlb_vpn2_reg[7][1]' (FDE) to 'tlb/tlb_asid_reg[7][1]'
INFO: [Synth 8-3886] merging instance 'tlb/tlb_vpn2_reg[6][1]' (FDE) to 'tlb/tlb_asid_reg[6][1]'
INFO: [Synth 8-3886] merging instance 'tlb/tlb_vpn2_reg[5][1]' (FDE) to 'tlb/tlb_asid_reg[5][1]'
INFO: [Synth 8-3886] merging instance 'tlb/tlb_vpn2_reg[4][1]' (FDE) to 'tlb/tlb_asid_reg[4][1]'
INFO: [Synth 8-3886] merging instance 'tlb/tlb_vpn2_reg[3][1]' (FDE) to 'tlb/tlb_asid_reg[3][1]'
INFO: [Synth 8-3886] merging instance 'tlb/tlb_vpn2_reg[2][1]' (FDE) to 'tlb/tlb_asid_reg[2][1]'
INFO: [Synth 8-3886] merging instance 'tlb/tlb_vpn2_reg[1][1]' (FDE) to 'tlb/tlb_asid_reg[1][1]'
INFO: [Synth 8-3886] merging instance 'tlb/tlb_vpn2_reg[0][1]' (FDE) to 'tlb/tlb_asid_reg[0][1]'
INFO: [Synth 8-3886] merging instance 'tlb/tlb_vpn2_reg[15][2]' (FDE) to 'tlb/tlb_vpn2_reg[15][6]'
INFO: [Synth 8-3886] merging instance 'tlb/tlb_vpn2_reg[14][2]' (FDE) to 'tlb/tlb_asid_reg[14][2]'
INFO: [Synth 8-3886] merging instance 'tlb/tlb_vpn2_reg[13][2]' (FDE) to 'tlb/tlb_asid_reg[13][2]'
INFO: [Synth 8-3886] merging instance 'tlb/tlb_vpn2_reg[12][2]' (FDE) to 'tlb/tlb_asid_reg[12][2]'
INFO: [Synth 8-3886] merging instance 'tlb/tlb_vpn2_reg[11][2]' (FDE) to 'tlb/tlb_asid_reg[11][2]'
INFO: [Synth 8-3886] merging instance 'tlb/tlb_vpn2_reg[10][2]' (FDE) to 'tlb/tlb_asid_reg[10][2]'
INFO: [Synth 8-3886] merging instance 'tlb/tlb_vpn2_reg[9][2]' (FDE) to 'tlb/tlb_asid_reg[9][2]'
INFO: [Synth 8-3886] merging instance 'tlb/tlb_vpn2_reg[8][2]' (FDE) to 'tlb/tlb_asid_reg[8][2]'
INFO: [Synth 8-3886] merging instance 'tlb/tlb_vpn2_reg[7][2]' (FDE) to 'tlb/tlb_asid_reg[7][2]'
INFO: [Synth 8-3886] merging instance 'tlb/tlb_vpn2_reg[6][2]' (FDE) to 'tlb/tlb_asid_reg[6][2]'
INFO: [Synth 8-3886] merging instance 'tlb/tlb_vpn2_reg[5][2]' (FDE) to 'tlb/tlb_asid_reg[5][2]'
INFO: [Synth 8-3886] merging instance 'tlb/tlb_vpn2_reg[4][2]' (FDE) to 'tlb/tlb_asid_reg[4][2]'
INFO: [Synth 8-3886] merging instance 'tlb/tlb_vpn2_reg[3][2]' (FDE) to 'tlb/tlb_asid_reg[3][2]'
INFO: [Synth 8-3886] merging instance 'tlb/tlb_vpn2_reg[2][2]' (FDE) to 'tlb/tlb_asid_reg[2][2]'
INFO: [Synth 8-3886] merging instance 'tlb/tlb_vpn2_reg[1][2]' (FDE) to 'tlb/tlb_asid_reg[1][2]'
INFO: [Synth 8-3886] merging instance 'tlb/tlb_vpn2_reg[0][2]' (FDE) to 'tlb/tlb_asid_reg[0][2]'
INFO: [Synth 8-3886] merging instance 'tlb/tlb_pfn1_reg[15][0]' (FDE) to 'tlb/tlb_pfn1_reg[15][4]'
INFO: [Synth 8-3886] merging instance 'tlb/tlb_pfn1_reg[14][0]' (FDE) to 'tlb/tlb_asid_reg[14][0]'
INFO: [Synth 8-3886] merging instance 'tlb/tlb_pfn1_reg[13][0]' (FDE) to 'tlb/tlb_asid_reg[13][0]'
INFO: [Synth 8-3886] merging instance 'tlb/tlb_pfn1_reg[12][0]' (FDE) to 'tlb/tlb_asid_reg[12][0]'
INFO: [Synth 8-3886] merging instance 'tlb/tlb_pfn1_reg[11][0]' (FDE) to 'tlb/tlb_asid_reg[11][0]'
INFO: [Synth 8-3886] merging instance 'tlb/tlb_pfn1_reg[10][0]' (FDE) to 'tlb/tlb_asid_reg[10][0]'
INFO: [Synth 8-3886] merging instance 'tlb/tlb_pfn1_reg[9][0]' (FDE) to 'tlb/tlb_asid_reg[9][0]'
INFO: [Synth 8-3886] merging instance 'tlb/tlb_pfn1_reg[8][0]' (FDE) to 'tlb/tlb_asid_reg[8][0]'
INFO: [Synth 8-3886] merging instance 'tlb/tlb_pfn1_reg[7][0]' (FDE) to 'tlb/tlb_asid_reg[7][0]'
INFO: [Synth 8-3886] merging instance 'tlb/tlb_pfn1_reg[6][0]' (FDE) to 'tlb/tlb_asid_reg[6][0]'
INFO: [Synth 8-3886] merging instance 'tlb/tlb_pfn1_reg[5][0]' (FDE) to 'tlb/tlb_asid_reg[5][0]'
INFO: [Synth 8-3886] merging instance 'tlb/tlb_pfn1_reg[4][0]' (FDE) to 'tlb/tlb_asid_reg[4][0]'
INFO: [Synth 8-3886] merging instance 'tlb/tlb_pfn1_reg[3][0]' (FDE) to 'tlb/tlb_asid_reg[3][0]'
INFO: [Synth 8-3886] merging instance 'tlb/tlb_pfn1_reg[2][0]' (FDE) to 'tlb/tlb_asid_reg[2][0]'
INFO: [Synth 8-3886] merging instance 'tlb/tlb_pfn1_reg[1][0]' (FDE) to 'tlb/tlb_asid_reg[1][0]'
INFO: [Synth 8-3886] merging instance 'tlb/tlb_pfn1_reg[0][0]' (FDE) to 'tlb/tlb_asid_reg[0][0]'
INFO: [Synth 8-3886] merging instance 'tlb/tlb_pfn1_reg[15][1]' (FDE) to 'tlb/tlb_pfn1_reg[15][5]'
INFO: [Synth 8-3886] merging instance 'tlb/tlb_pfn1_reg[14][1]' (FDE) to 'tlb/tlb_pfn1_reg[14][5]'
INFO: [Synth 8-3886] merging instance 'tlb/tlb_pfn1_reg[13][1]' (FDE) to 'tlb/tlb_pfn1_reg[13][5]'
INFO: [Synth 8-3886] merging instance 'tlb/tlb_pfn1_reg[12][1]' (FDE) to 'tlb/tlb_pfn1_reg[12][5]'
INFO: [Synth 8-3886] merging instance 'tlb/tlb_pfn1_reg[11][1]' (FDE) to 'tlb/tlb_pfn1_reg[11][5]'
INFO: [Synth 8-3886] merging instance 'tlb/tlb_pfn1_reg[10][1]' (FDE) to 'tlb/tlb_pfn1_reg[10][5]'
INFO: [Synth 8-3886] merging instance 'tlb/tlb_pfn1_reg[9][1]' (FDE) to 'tlb/tlb_pfn1_reg[9][5]'
INFO: [Synth 8-3886] merging instance 'tlb/tlb_pfn1_reg[8][1]' (FDE) to 'tlb/tlb_pfn1_reg[8][5]'
INFO: [Synth 8-3886] merging instance 'tlb/tlb_pfn1_reg[7][1]' (FDE) to 'tlb/tlb_pfn1_reg[7][5]'
INFO: [Synth 8-3886] merging instance 'tlb/tlb_pfn1_reg[6][1]' (FDE) to 'tlb/tlb_pfn1_reg[6][5]'
INFO: [Synth 8-3886] merging instance 'tlb/tlb_pfn1_reg[5][1]' (FDE) to 'tlb/tlb_pfn1_reg[5][5]'
INFO: [Synth 8-3886] merging instance 'tlb/tlb_pfn1_reg[4][1]' (FDE) to 'tlb/tlb_pfn1_reg[4][5]'
INFO: [Synth 8-3886] merging instance 'tlb/tlb_pfn1_reg[3][1]' (FDE) to 'tlb/tlb_pfn1_reg[3][5]'
INFO: [Synth 8-3886] merging instance 'tlb/tlb_pfn1_reg[2][1]' (FDE) to 'tlb/tlb_pfn1_reg[2][5]'
INFO: [Synth 8-3886] merging instance 'tlb/tlb_pfn1_reg[1][1]' (FDE) to 'tlb/tlb_pfn1_reg[1][5]'
INFO: [Synth 8-3886] merging instance 'tlb/tlb_pfn1_reg[0][1]' (FDE) to 'tlb/tlb_pfn1_reg[0][5]'
INFO: [Synth 8-3886] merging instance 'tlb/tlb_pfn1_reg[15][2]' (FDE) to 'tlb/tlb_pfn1_reg[15][6]'
INFO: [Synth 8-3886] merging instance 'tlb/tlb_pfn1_reg[14][2]' (FDE) to 'tlb/tlb_pfn1_reg[14][6]'
INFO: [Synth 8-3886] merging instance 'tlb/tlb_pfn1_reg[13][2]' (FDE) to 'tlb/tlb_pfn1_reg[13][6]'
INFO: [Synth 8-3886] merging instance 'tlb/tlb_pfn1_reg[12][2]' (FDE) to 'tlb/tlb_pfn1_reg[12][6]'
INFO: [Synth 8-3886] merging instance 'tlb/tlb_pfn1_reg[11][2]' (FDE) to 'tlb/tlb_pfn1_reg[11][6]'
INFO: [Synth 8-3886] merging instance 'tlb/tlb_pfn1_reg[10][2]' (FDE) to 'tlb/tlb_pfn1_reg[10][6]'
INFO: [Synth 8-3886] merging instance 'tlb/tlb_pfn1_reg[9][2]' (FDE) to 'tlb/tlb_pfn1_reg[9][6]'
INFO: [Synth 8-3886] merging instance 'tlb/tlb_pfn1_reg[8][2]' (FDE) to 'tlb/tlb_pfn1_reg[8][6]'
INFO: [Synth 8-3886] merging instance 'tlb/tlb_pfn1_reg[7][2]' (FDE) to 'tlb/tlb_pfn1_reg[7][6]'
INFO: [Synth 8-3886] merging instance 'tlb/tlb_pfn1_reg[6][2]' (FDE) to 'tlb/tlb_pfn1_reg[6][6]'
INFO: [Synth 8-3886] merging instance 'tlb/tlb_pfn1_reg[5][2]' (FDE) to 'tlb/tlb_pfn1_reg[5][6]'
INFO: [Synth 8-3886] merging instance 'tlb/tlb_pfn1_reg[4][2]' (FDE) to 'tlb/tlb_pfn1_reg[4][6]'
INFO: [Synth 8-3886] merging instance 'tlb/tlb_pfn1_reg[3][2]' (FDE) to 'tlb/tlb_pfn1_reg[3][6]'
INFO: [Synth 8-3886] merging instance 'tlb/tlb_pfn1_reg[2][2]' (FDE) to 'tlb/tlb_pfn1_reg[2][6]'
INFO: [Synth 8-3886] merging instance 'tlb/tlb_pfn1_reg[1][2]' (FDE) to 'tlb/tlb_pfn1_reg[1][6]'
INFO: [Synth 8-3886] merging instance 'tlb/tlb_pfn1_reg[0][2]' (FDE) to 'tlb/tlb_pfn1_reg[0][6]'
INFO: [Synth 8-3886] merging instance 'tlb/tlb_pfn0_reg[15][0]' (FDE) to 'tlb/tlb_pfn0_reg[15][4]'
INFO: [Synth 8-3886] merging instance 'tlb/tlb_pfn0_reg[14][0]' (FDE) to 'tlb/tlb_pfn0_reg[14][4]'
INFO: [Synth 8-3886] merging instance 'tlb/tlb_pfn0_reg[13][0]' (FDE) to 'tlb/tlb_pfn0_reg[13][4]'
INFO: [Synth 8-3886] merging instance 'tlb/tlb_pfn0_reg[12][0]' (FDE) to 'tlb/tlb_pfn0_reg[12][4]'
INFO: [Common 17-14] Message 'Synth 8-3886' appears 100 times and further instances of the messages will be disabled. Use the Tcl command set_msg_config to change the current settings.
INFO: [Synth 8-3333] propagating constant 1 across sequential element (tlb/\tlb_d0_reg[15] )
INFO: [Synth 8-3333] propagating constant 1 across sequential element (tlb/\tlb_d0_reg[14] )
INFO: [Synth 8-3333] propagating constant 1 across sequential element (tlb/\tlb_d0_reg[13] )
INFO: [Synth 8-3333] propagating constant 1 across sequential element (tlb/\tlb_d0_reg[12] )
INFO: [Synth 8-3333] propagating constant 1 across sequential element (tlb/\tlb_d0_reg[11] )
INFO: [Synth 8-3333] propagating constant 1 across sequential element (tlb/\tlb_d0_reg[10] )
INFO: [Synth 8-3333] propagating constant 1 across sequential element (tlb/\tlb_d0_reg[9] )
INFO: [Synth 8-3333] propagating constant 1 across sequential element (tlb/\tlb_d0_reg[8] )
INFO: [Synth 8-3333] propagating constant 1 across sequential element (tlb/\tlb_d0_reg[7] )
INFO: [Synth 8-3333] propagating constant 1 across sequential element (tlb/\tlb_d0_reg[6] )
INFO: [Synth 8-3333] propagating constant 1 across sequential element (tlb/\tlb_d0_reg[5] )
INFO: [Synth 8-3333] propagating constant 1 across sequential element (tlb/\tlb_d0_reg[4] )
INFO: [Synth 8-3333] propagating constant 1 across sequential element (tlb/\tlb_d0_reg[3] )
INFO: [Synth 8-3333] propagating constant 1 across sequential element (tlb/\tlb_d0_reg[2] )
INFO: [Synth 8-3333] propagating constant 1 across sequential element (tlb/\tlb_d0_reg[1] )
INFO: [Synth 8-3333] propagating constant 1 across sequential element (tlb/\tlb_d0_reg[0] )
INFO: [Synth 8-3333] propagating constant 1 across sequential element (tlb/\tlb_c0_reg[15][0] )
INFO: [Synth 8-3333] propagating constant 1 across sequential element (tlb/\tlb_c0_reg[14][0] )
INFO: [Synth 8-3333] propagating constant 1 across sequential element (tlb/\tlb_c0_reg[13][0] )
INFO: [Synth 8-3333] propagating constant 1 across sequential element (tlb/\tlb_c0_reg[12][0] )
INFO: [Synth 8-3333] propagating constant 1 across sequential element (tlb/\tlb_c0_reg[11][0] )
INFO: [Synth 8-3333] propagating constant 1 across sequential element (tlb/\tlb_c0_reg[10][0] )
INFO: [Synth 8-3333] propagating constant 1 across sequential element (tlb/\tlb_c0_reg[9][0] )
INFO: [Synth 8-3333] propagating constant 1 across sequential element (tlb/\tlb_c0_reg[8][0] )
INFO: [Synth 8-3333] propagating constant 1 across sequential element (tlb/\tlb_c0_reg[7][0] )
INFO: [Synth 8-3333] propagating constant 1 across sequential element (tlb/\tlb_c0_reg[6][0] )
INFO: [Synth 8-3333] propagating constant 1 across sequential element (tlb/\tlb_c0_reg[5][0] )
INFO: [Synth 8-3333] propagating constant 1 across sequential element (tlb/\tlb_c0_reg[4][0] )
INFO: [Synth 8-3333] propagating constant 1 across sequential element (tlb/\tlb_c0_reg[3][0] )
INFO: [Synth 8-3333] propagating constant 1 across sequential element (tlb/\tlb_c0_reg[2][0] )
INFO: [Synth 8-3333] propagating constant 1 across sequential element (tlb/\tlb_c0_reg[1][0] )
INFO: [Synth 8-3333] propagating constant 1 across sequential element (tlb/\tlb_c0_reg[0][0] )
INFO: [Synth 8-3333] propagating constant 0 across sequential element (tlb/\tlb_asid_reg[15][5] )
INFO: [Synth 8-3333] propagating constant 0 across sequential element (tlb/\tlb_asid_reg[14][5] )
INFO: [Synth 8-3333] propagating constant 0 across sequential element (tlb/\tlb_asid_reg[13][5] )
INFO: [Synth 8-3333] propagating constant 0 across sequential element (tlb/\tlb_asid_reg[12][5] )
INFO: [Synth 8-3333] propagating constant 0 across sequential element (tlb/\tlb_asid_reg[11][5] )
INFO: [Synth 8-3333] propagating constant 0 across sequential element (tlb/\tlb_asid_reg[10][5] )
INFO: [Synth 8-3333] propagating constant 0 across sequential element (tlb/\tlb_asid_reg[9][5] )
INFO: [Synth 8-3333] propagating constant 0 across sequential element (tlb/\tlb_asid_reg[8][5] )
INFO: [Synth 8-3333] propagating constant 0 across sequential element (tlb/\tlb_asid_reg[7][5] )
INFO: [Synth 8-3333] propagating constant 0 across sequential element (tlb/\tlb_asid_reg[6][5] )
INFO: [Synth 8-3333] propagating constant 0 across sequential element (tlb/\tlb_asid_reg[5][5] )
INFO: [Synth 8-3333] propagating constant 0 across sequential element (tlb/\tlb_asid_reg[4][5] )
INFO: [Synth 8-3333] propagating constant 0 across sequential element (tlb/\tlb_asid_reg[3][5] )
INFO: [Synth 8-3333] propagating constant 0 across sequential element (tlb/\tlb_asid_reg[2][5] )
INFO: [Synth 8-3333] propagating constant 0 across sequential element (tlb/\tlb_asid_reg[1][5] )
INFO: [Synth 8-3333] propagating constant 0 across sequential element (tlb/\tlb_asid_reg[0][5] )
---------------------------------------------------------------------------------
Finished Cross Boundary and Area Optimization : Time (s): cpu = 00:00:19 ; elapsed = 00:00:20 . Memory (MB): peak = 1035.223 ; gain = 436.730
---------------------------------------------------------------------------------
---------------------------------------------------------------------------------
Start ROM, RAM, DSP and Shift Register Reporting
---------------------------------------------------------------------------------

ROM:
+------------+-----------------+---------------+----------------+
|Module Name | RTL Object      | Depth x Width | Implemented As | 
+------------+-----------------+---------------+----------------+
|tlb_top     | s_test_pfn      | 32x9          | LUT            | 
|tlb_top     | s_test_found    | 32x1          | LUT            | 
|tlb_top     | s_test_pfn      | 32x9          | LUT            | 
|tlb_top     | s_test_found    | 32x1          | LUT            | 
|tlb_top     | s_test_vpn2     | 32x8          | LUT            | 
|tlb_top     | s_test_odd_page | 32x1          | LUT            | 
|tlb_top     | s_test_asid     | 32x4          | LUT            | 
|tlb_top     | s_test_vpn2     | 32x8          | LUT            | 
|tlb_top     | s_test_odd_page | 32x1          | LUT            | 
|tlb_top     | s_test_asid     | 32x4          | LUT            | 
|tlb_top     | s_test_pfn      | 32x9          | LUT            | 
|tlb_top     | s_test_found    | 32x1          | LUT            | 
|tlb_top     | s_test_pfn      | 32x9          | LUT            | 
|tlb_top     | s_test_found    | 32x1          | LUT            | 
|tlb_top     | s_test_vpn2     | 32x8          | LUT            | 
|tlb_top     | s_test_odd_page | 32x1          | LUT            | 
|tlb_top     | s_test_asid     | 32x4          | LUT            | 
|tlb_top     | s_test_odd_page | 32x1          | LUT            | 
+------------+-----------------+---------------+----------------+

---------------------------------------------------------------------------------
Finished ROM, RAM, DSP and Shift Register Reporting
---------------------------------------------------------------------------------

Report RTL Partitions: 
+-+--------------+------------+----------+
| |RTL Partition |Replication |Instances |
+-+--------------+------------+----------+
+-+--------------+------------+----------+
---------------------------------------------------------------------------------
Start Applying XDC Timing Constraints
---------------------------------------------------------------------------------
WARNING: [Synth 8-565] redefining clock 'clk'
---------------------------------------------------------------------------------
Finished Applying XDC Timing Constraints : Time (s): cpu = 00:00:25 ; elapsed = 00:00:26 . Memory (MB): peak = 1035.223 ; gain = 436.730
---------------------------------------------------------------------------------
---------------------------------------------------------------------------------
Start Timing Optimization
---------------------------------------------------------------------------------
---------------------------------------------------------------------------------
Finished Timing Optimization : Time (s): cpu = 00:00:28 ; elapsed = 00:00:29 . Memory (MB): peak = 1062.113 ; gain = 463.621
---------------------------------------------------------------------------------

Report RTL Partitions: 
+-+--------------+------------+----------+
| |RTL Partition |Replication |Instances |
+-+--------------+------------+----------+
+-+--------------+------------+----------+
---------------------------------------------------------------------------------
Start Technology Mapping
---------------------------------------------------------------------------------
---------------------------------------------------------------------------------
Finished Technology Mapping : Time (s): cpu = 00:00:29 ; elapsed = 00:00:30 . Memory (MB): peak = 1062.113 ; gain = 463.621
---------------------------------------------------------------------------------

Report RTL Partitions: 
+-+--------------+------------+----------+
| |RTL Partition |Replication |Instances |
+-+--------------+------------+----------+
+-+--------------+------------+----------+
---------------------------------------------------------------------------------
Start IO Insertion
---------------------------------------------------------------------------------
---------------------------------------------------------------------------------
Start Flattening Before IO Insertion
---------------------------------------------------------------------------------
---------------------------------------------------------------------------------
Finished Flattening Before IO Insertion
---------------------------------------------------------------------------------
---------------------------------------------------------------------------------
Start Final Netlist Cleanup
---------------------------------------------------------------------------------
---------------------------------------------------------------------------------
Finished Final Netlist Cleanup
---------------------------------------------------------------------------------
---------------------------------------------------------------------------------
Finished IO Insertion : Time (s): cpu = 00:00:33 ; elapsed = 00:00:33 . Memory (MB): peak = 1062.113 ; gain = 463.621
---------------------------------------------------------------------------------
---------------------------------------------------------------------------------
Start Renaming Generated Instances
---------------------------------------------------------------------------------
---------------------------------------------------------------------------------
Finished Renaming Generated Instances : Time (s): cpu = 00:00:33 ; elapsed = 00:00:33 . Memory (MB): peak = 1062.113 ; gain = 463.621
---------------------------------------------------------------------------------

Report RTL Partitions: 
+-+--------------+------------+----------+
| |RTL Partition |Replication |Instances |
+-+--------------+------------+----------+
+-+--------------+------------+----------+

Report Check Netlist: 
+------+------------------+-------+---------+-------+------------------+
|      |Item              |Errors |Warnings |Status |Description       |
+------+------------------+-------+---------+-------+------------------+
|1     |multi_driven_nets |      0|        0|Passed |Multi driven nets |
+------+------------------+-------+---------+-------+------------------+
---------------------------------------------------------------------------------
Start Rebuilding User Hierarchy
---------------------------------------------------------------------------------
---------------------------------------------------------------------------------
Finished Rebuilding User Hierarchy : Time (s): cpu = 00:00:33 ; elapsed = 00:00:33 . Memory (MB): peak = 1062.113 ; gain = 463.621
---------------------------------------------------------------------------------
---------------------------------------------------------------------------------
Start Renaming Generated Ports
---------------------------------------------------------------------------------
---------------------------------------------------------------------------------
Finished Renaming Generated Ports : Time (s): cpu = 00:00:33 ; elapsed = 00:00:33 . Memory (MB): peak = 1062.113 ; gain = 463.621
---------------------------------------------------------------------------------
---------------------------------------------------------------------------------
Start Handling Custom Attributes
---------------------------------------------------------------------------------
---------------------------------------------------------------------------------
Finished Handling Custom Attributes : Time (s): cpu = 00:00:33 ; elapsed = 00:00:33 . Memory (MB): peak = 1062.113 ; gain = 463.621
---------------------------------------------------------------------------------
---------------------------------------------------------------------------------
Start Renaming Generated Nets
---------------------------------------------------------------------------------
---------------------------------------------------------------------------------
Finished Renaming Generated Nets : Time (s): cpu = 00:00:33 ; elapsed = 00:00:33 . Memory (MB): peak = 1062.113 ; gain = 463.621
---------------------------------------------------------------------------------
---------------------------------------------------------------------------------
Start Writing Synthesis Report
---------------------------------------------------------------------------------

Report BlackBoxes: 
+------+--------------+----------+
|      |BlackBox name |Instances |
+------+--------------+----------+
|1     |clk_pll       |         1|
+------+--------------+----------+

Report Cell Usage: 
+------+--------+------+
|      |Cell    |Count |
+------+--------+------+
|1     |clk_pll |     1|
|2     |CARRY4  |    49|
|3     |LUT1    |    39|
|4     |LUT2    |    90|
|5     |LUT3    |    52|
|6     |LUT4    |   117|
|7     |LUT5    |    58|
|8     |LUT6    |   292|
|9     |MUXF7   |    11|
|10    |MUXF8   |     3|
|11    |FDRE    |   208|
|12    |FDSE    |    18|
|13    |IBUF    |     1|
|14    |OBUF    |    31|
+------+--------+------+

Report Instance Areas: 
+------+---------+-------+------+
|      |Instance |Module |Cells |
+------+---------+-------+------+
|1     |top      |       |   970|
|2     |  tlb    |tlb    |   727|
+------+---------+-------+------+
---------------------------------------------------------------------------------
Finished Writing Synthesis Report : Time (s): cpu = 00:00:33 ; elapsed = 00:00:33 . Memory (MB): peak = 1062.113 ; gain = 463.621
---------------------------------------------------------------------------------
Synthesis finished with 0 errors, 0 critical warnings and 13 warnings.
Synthesis Optimization Runtime : Time (s): cpu = 00:00:24 ; elapsed = 00:00:31 . Memory (MB): peak = 1062.113 ; gain = 335.863
Synthesis Optimization Complete : Time (s): cpu = 00:00:33 ; elapsed = 00:00:34 . Memory (MB): peak = 1062.113 ; gain = 463.621
INFO: [Project 1-571] Translating synthesized netlist
Netlist sorting complete. Time (s): cpu = 00:00:00 ; elapsed = 00:00:00.011 . Memory (MB): peak = 1062.113 ; gain = 0.000
INFO: [Netlist 29-17] Analyzing 63 Unisim elements for replacement
INFO: [Netlist 29-28] Unisim Transformation completed in 0 CPU seconds
INFO: [Project 1-570] Preparing netlist for logic optimization
INFO: [Opt 31-138] Pushed 0 inverter(s) to 0 load pin(s).
Netlist sorting complete. Time (s): cpu = 00:00:00 ; elapsed = 00:00:00 . Memory (MB): peak = 1062.113 ; gain = 0.000
INFO: [Project 1-111] Unisim Transformation Summary:
No Unisim elements were transformed.

INFO: [Common 17-83] Releasing license: Synthesis
167 Infos, 26 Warnings, 0 Critical Warnings and 0 Errors encountered.
synth_design completed successfully
synth_design: Time (s): cpu = 00:00:38 ; elapsed = 00:00:40 . Memory (MB): peak = 1062.113 ; gain = 763.574
Netlist sorting complete. Time (s): cpu = 00:00:00 ; elapsed = 00:00:00 . Memory (MB): peak = 1062.113 ; gain = 0.000
WARNING: [Constraints 18-5210] No constraints selected for write.
Resolution: This message can indicate that there are no constraints for the design, or it can indicate that the used_in flags are set such that the constraints are ignored. This later case is used when running synth_design to not write synthesis constraints to the resulting checkpoint. Instead, project constraints are read when the synthesized design is opened.
INFO: [Common 17-1381] The checkpoint 'C:/tlb_verify/run_vivado/tlb_verify/tlb_verify.runs/synth_1/tlb_top.dcp' has been generated.
INFO: [runtcl-4] Executing : report_utilization -file tlb_top_utilization_synth.rpt -pb tlb_top_utilization_synth.pb
INFO: [Common 17-206] Exiting Vivado at Wed Dec  2 01:19:37 2020...
